<?xml version="1.0" encoding="UTF-8"?>
<!-- Generated by org.testng.reporters.JUnitReportReporter -->
<testsuite hostname="Megha" failures="0" tests="1" name="testCases.TC21_AddReview" time="53.004" errors="0" timestamp="2023-10-23T11:56:54 IST" skipped="0">
  <testcase classname="testCases.TC21_AddReview" name="AddReview" time="53.004"/>
</testsuite> <!-- testCases.TC21_AddReview -->
