<?xml version="1.0" encoding="UTF-8"?>
<!-- Generated by org.testng.reporters.JUnitReportReporter -->
<testsuite hostname="Megha" failures="0" tests="1" name="testCases.TC2_LoginWithValid" time="32.283" errors="0" timestamp="2023-10-22T14:58:36 IST" skipped="0">
  <testcase classname="testCases.TC2_LoginWithValid" name="LoginWithValid" time="32.283"/>
</testsuite> <!-- testCases.TC2_LoginWithValid -->
