<?xml version="1.0" encoding="UTF-8"?>
<!-- Generated by org.testng.reporters.JUnitReportReporter -->
<testsuite hostname="Megha" failures="0" tests="1" name="testCases.TC7_VerifyTCPage" time="5.575" errors="0" timestamp="2023-10-22T16:26:01 IST" skipped="0">
  <testcase classname="testCases.TC7_VerifyTCPage" name="RegisterUser" time="5.575"/>
</testsuite> <!-- testCases.TC7_VerifyTCPage -->
