<?xml version="1.0" encoding="UTF-8"?>
<!-- Generated by org.testng.reporters.JUnitReportReporter -->
<testsuite hostname="Megha" failures="0" tests="1" name="testCases.TC16_PlaceOrder_LoginBeforeCheckout" time="41.662" errors="0" timestamp="2023-10-23T01:50:08 IST" skipped="0">
  <testcase classname="testCases.TC16_PlaceOrder_LoginBeforeCheckout" name="PlaceOrder_LoginBeforeCheckout" time="41.662"/>
</testsuite> <!-- testCases.TC16_PlaceOrder_LoginBeforeCheckout -->
