<?xml version="1.0" encoding="UTF-8"?>
<!-- Generated by org.testng.reporters.JUnitReportReporter -->
<testsuite hostname="Megha" failures="0" tests="1" name="testCases.TC26_ScrollWithoutArrow" time="0.511" errors="0" timestamp="2023-10-23T15:58:59 IST" skipped="0">
  <testcase classname="testCases.TC26_ScrollWithoutArrow" name="ScrollWithoutArrow" time="0.511"/>
</testsuite> <!-- testCases.TC26_ScrollWithoutArrow -->
