<?xml version="1.0" encoding="UTF-8"?>
<!-- Generated by org.testng.reporters.JUnitReportReporter -->
<testsuite hostname="Megha" failures="0" tests="1" name="testCases.TC25_ScrollUsingArrow" time="1.385" errors="0" timestamp="2023-10-23T15:54:51 IST" skipped="0">
  <testcase classname="testCases.TC25_ScrollUsingArrow" name="ScrollUsingtArrow" time="1.385"/>
</testsuite> <!-- testCases.TC25_ScrollUsingArrow -->
