<?xml version="1.0" encoding="UTF-8"?>
<!-- Generated by org.testng.reporters.JUnitReportReporter -->
<testsuite hostname="Megha" failures="0" tests="1" name="testCases.TC20_SearchVerifyCart" time="31.770" errors="0" timestamp="2023-10-23T02:00:53 IST" skipped="0">
  <testcase classname="testCases.TC20_SearchVerifyCart" name="SearchVerifyCart" time="31.770"/>
</testsuite> <!-- testCases.TC20_SearchVerifyCart -->
