<?xml version="1.0" encoding="UTF-8"?>
<!-- Generated by org.testng.reporters.JUnitReportReporter -->
<testsuite hostname="Megha" failures="0" tests="1" name="testCases.TC12_AddProd_InCart" time="98.079" errors="0" timestamp="2023-10-22T22:32:12 IST" skipped="0">
  <testcase classname="testCases.TC12_AddProd_InCart" name="AddProduct" time="98.079"/>
</testsuite> <!-- testCases.TC12_AddProd_InCart -->
