<?xml version="1.0" encoding="UTF-8"?>
<!-- Generated by org.testng.reporters.JUnitReportReporter -->
<testsuite hostname="Megha" failures="0" tests="1" name="testCases.TC14_PlaceOrder_RegWhileCheckout" time="95.520" errors="0" timestamp="2023-10-23T01:39:00 IST" skipped="0">
  <testcase classname="testCases.TC14_PlaceOrder_RegWhileCheckout" name="PlaceOrder_RegWhileCheckout" time="95.520"/>
</testsuite> <!-- testCases.TC14_PlaceOrder_RegWhileCheckout -->
