<?xml version="1.0" encoding="UTF-8"?>
<!-- Generated by org.testng.reporters.JUnitReportReporter -->
<testsuite hostname="Megha" failures="0" tests="1" name="testCases.TC1_RegisterUser" time="29.949" errors="0" timestamp="2023-10-22T14:03:08 IST" skipped="0">
  <testcase classname="testCases.TC1_RegisterUser" name="RegisterUser" time="29.949"/>
</testsuite> <!-- testCases.TC1_RegisterUser -->
