<?xml version="1.0" encoding="UTF-8"?>
<!-- Generated by org.testng.reporters.JUnitReportReporter -->
<testsuite hostname="Megha" failures="0" tests="1" name="testCases.TC23_VerifyAdd" time="58.200" errors="0" timestamp="2023-10-23T12:19:54 IST" skipped="0">
  <testcase classname="testCases.TC23_VerifyAdd" name="VerifyAdd" time="58.200"/>
</testsuite> <!-- testCases.TC23_VerifyAdd -->
