<?xml version="1.0" encoding="UTF-8"?>
<!-- Generated by org.testng.reporters.JUnitReportReporter -->
<testsuite hostname="Megha" failures="0" tests="1" name="testCases.TC8_SearchProduct" time="15.093" errors="0" timestamp="2023-10-22T21:36:41 IST" skipped="0">
  <testcase classname="testCases.TC8_SearchProduct" name="SearchProduct" time="15.093"/>
</testsuite> <!-- testCases.TC8_SearchProduct -->
