<?xml version="1.0" encoding="UTF-8"?>
<!-- Generated by org.testng.reporters.JUnitReportReporter -->
<testsuite hostname="Megha" failures="0" tests="1" name="testCases.TC5_Register_ExistingMail" time="7.512" errors="0" timestamp="2023-10-22T15:29:25 IST" skipped="0">
  <testcase classname="testCases.TC5_Register_ExistingMail" name="Register_ExistingMail" time="7.512"/>
</testsuite> <!-- testCases.TC5_Register_ExistingMail -->
