<?xml version="1.0" encoding="UTF-8"?>
<!-- Generated by org.testng.reporters.JUnitReportReporter -->
<testsuite hostname="Megha" failures="0" tests="1" name="testCases.TC4_Logout" time="27.079" errors="0" timestamp="2023-10-22T15:24:12 IST" skipped="0">
  <testcase classname="testCases.TC4_Logout" name="Loginout" time="27.079"/>
</testsuite> <!-- testCases.TC4_Logout -->
