<?xml version="1.0" encoding="UTF-8"?>
<!-- Generated by org.testng.reporters.JUnitReportReporter -->
<testsuite hostname="Megha" failures="0" tests="1" name="testCases.TC22_AddtoCart_RecommendedItem" time="5.993" errors="0" timestamp="2023-10-23T12:12:48 IST" skipped="0">
  <testcase classname="testCases.TC22_AddtoCart_RecommendedItem" name="AddtoCart_RecommendedItem" time="5.993"/>
</testsuite> <!-- testCases.TC22_AddtoCart_RecommendedItem -->
