<?xml version="1.0" encoding="UTF-8"?>
<!-- Generated by org.testng.reporters.JUnitReportReporter -->
<testsuite hostname="Megha" failures="0" tests="1" name="testCases.TC10_VerifySubscription" time="1.181" errors="0" timestamp="2023-10-23T16:05:11 IST" skipped="0">
  <testcase classname="testCases.TC10_VerifySubscription" name="VerifySubscription" time="1.181"/>
</testsuite> <!-- testCases.TC10_VerifySubscription -->
