<?xml version="1.0" encoding="UTF-8"?>
<!-- Generated by org.testng.reporters.JUnitReportReporter -->
<testsuite hostname="Megha" failures="0" tests="1" name="testCases.TC17_RemoveProdFromCart" time="42.025" errors="0" timestamp="2023-10-23T02:19:14 IST" skipped="0">
  <testcase classname="testCases.TC17_RemoveProdFromCart" name="RemoveProdFromCart" time="42.025"/>
</testsuite> <!-- testCases.TC17_RemoveProdFromCart -->
