<?xml version="1.0" encoding="UTF-8"?>
<!-- Generated by org.testng.reporters.JUnitReportReporter -->
<testsuite hostname="Megha" failures="0" tests="1" name="testCases.TC3_LoginWithInvalid" time="5.738" errors="0" timestamp="2023-10-22T15:04:30 IST" skipped="0">
  <testcase classname="testCases.TC3_LoginWithInvalid" name="LoginWithInvalid" time="5.738"/>
</testsuite> <!-- testCases.TC3_LoginWithInvalid -->
