<?xml version="1.0" encoding="UTF-8"?>
<!-- Generated by org.testng.reporters.JUnitReportReporter -->
<testsuite hostname="Megha" failures="0" tests="1" name="testCases.TC15_PlaceOrder_RegBeforeCheckout" time="103.189" errors="0" timestamp="2023-10-23T01:45:40 IST" skipped="0">
  <testcase classname="testCases.TC15_PlaceOrder_RegBeforeCheckout" name="PlaceOrder_RegBeforeCheckout" time="103.189"/>
</testsuite> <!-- testCases.TC15_PlaceOrder_RegBeforeCheckout -->
